<?xml version="1.0" encoding="UTF-8"?>
<testsuites>
  <testsuite name="Dene_test_suite" tests="13" assertions="14" failures="0" errors="0" time="1.386411">
    <testsuite name="CalculatorTest" file="C:\dloaded\NetBeansProjects\PHPunitTemplate\tests\src\CalculatorTest.php" tests="4" assertions="4" failures="0" errors="0" time="0.015036">
      <testcase name="testAdd" class="CalculatorTest" file="C:\dloaded\NetBeansProjects\PHPunitTemplate\tests\src\CalculatorTest.php" line="36" assertions="1" time="0.011365"/>
      <testcase name="testAdd2" class="CalculatorTest" file="C:\dloaded\NetBeansProjects\PHPunitTemplate\tests\src\CalculatorTest.php" line="48" assertions="1" time="0.001194"/>
      <testcase name="testAdd3" class="CalculatorTest" file="C:\dloaded\NetBeansProjects\PHPunitTemplate\tests\src\CalculatorTest.php" line="60" assertions="1" time="0.001318"/>
      <testcase name="testAdd4" class="CalculatorTest" file="C:\dloaded\NetBeansProjects\PHPunitTemplate\tests\src\CalculatorTest.php" line="72" assertions="1" time="0.001159"/>
    </testsuite>
    <testsuite name="GuestbookTest" file="C:\dloaded\NetBeansProjects\PHPunitTemplate\tests\src\GuestbookTest.php" tests="4" assertions="5" failures="0" errors="0" time="1.355020">
      <testcase name="testNumberOfRowsInGuestbook" class="GuestbookTest" file="C:\dloaded\NetBeansProjects\PHPunitTemplate\tests\src\GuestbookTest.php" line="27" assertions="2" time="0.526700"/>
      <testcase name="testDataInTableGuestbook" class="GuestbookTest" file="C:\dloaded\NetBeansProjects\PHPunitTemplate\tests\src\GuestbookTest.php" line="36" assertions="1" time="0.263693"/>
      <testcase name="testDataInTableGuestbook2" class="GuestbookTest" file="C:\dloaded\NetBeansProjects\PHPunitTemplate\tests\src\GuestbookTest.php" line="45" assertions="1" time="0.334034"/>
      <testcase name="testDataInTableGuestbook3" class="GuestbookTest" file="C:\dloaded\NetBeansProjects\PHPunitTemplate\tests\src\GuestbookTest.php" line="54" assertions="1" time="0.230593"/>
    </testsuite>
    <testsuite name="LoaderTest" file="C:\dloaded\NetBeansProjects\PHPunitTemplate\tests\src\LoaderTest.php" tests="5" assertions="5" failures="0" errors="0" time="0.016355">
      <testcase name="testLoad" class="LoaderTest" file="C:\dloaded\NetBeansProjects\PHPunitTemplate\tests\src\LoaderTest.php" line="38" assertions="1" time="0.008033"/>
      <testcase name="testLoad2" class="LoaderTest" file="C:\dloaded\NetBeansProjects\PHPunitTemplate\tests\src\LoaderTest.php" line="50" assertions="1" time="0.003065"/>
      <testcase name="testLoad3" class="LoaderTest" file="C:\dloaded\NetBeansProjects\PHPunitTemplate\tests\src\LoaderTest.php" line="64" assertions="1" time="0.002240"/>
      <testcase name="testLoad4" class="LoaderTest" file="C:\dloaded\NetBeansProjects\PHPunitTemplate\tests\src\LoaderTest.php" line="75" assertions="1" time="0.001118"/>
      <testcase name="testLoad5" class="LoaderTest" file="C:\dloaded\NetBeansProjects\PHPunitTemplate\tests\src\LoaderTest.php" line="84" assertions="1" time="0.001899"/>
    </testsuite>
  </testsuite>
</testsuites>
